<?xml version="1.0" encoding="UTF-8"?>
<!-- Generated by org.testng.reporters.JUnitXMLReporter -->
<testsuite ignored="1" hostname="Sandeeps-MacBook-Air.local" failures="1" tests="7" name="Test_CRM" time="28.903" errors="0" timestamp="2026-01-01T11:34:28 PST">
  <testcase classname="com.crm.testcases.LoginPageTest" name="validateLogin" time="0.182"/>
  <testcase classname="com.crm.testcases.LoginPageTest" name="validateCRMLogo" time="0.739"/>
  <testcase classname="com.crm.testcases.LoginPageTest" name="validateloginPageTitle" time="0.004"/>
  <testcase classname="com.crm.testcases.HomePageTest" name="landOnContactsPage" time="0.767"/>
  <testcase classname="com.crm.testcases.HomePageTest" name="verifyHomePageTitle" time="0.014"/>
  <testcase classname="com.crm.testcases.ContactsPageTest" name="verifyContactPanelHeader" time="0.184"/>
  <testcase classname="com.crm.testcases.ContactsPageTest" name="clickOnTheContact" time="1.235">
    <failure type="org.openqa.selenium.ElementClickInterceptedException" message="element click intercepted: Element &amp;lt;div class=&amp;quot;ui fitted checkbox&amp;quot;&amp;gt;...&amp;lt;/div&amp;gt; is not clickable at point (70, 259). Other element would receive the click: &amp;lt;span class=&amp;quot;item-text&amp;quot;&amp;gt;...&amp;lt;/span&amp;gt;
  (Session info: chrome=143.0.7499.170)
Build info: version: &amp;apos;4.39.0&amp;apos;, revision: &amp;apos;126f156aee&amp;apos;
System info: os.name: &amp;apos;Mac OS X&amp;apos;, os.arch: &amp;apos;aarch64&amp;apos;, os.version: &amp;apos;26.3&amp;apos;, java.version: &amp;apos;25.0.1&amp;apos;
Driver info: org.openqa.selenium.chrome.ChromeDriver
Command: [29a201d801833aa7f6bac6a1d66a4943, clickElement {id=f.79F462C941E8FB2843E67AA00EF4B94B.d.3F2E8EC9A1571155B7FE55C9859A6519.e.988}]
Capabilities {acceptInsecureCerts: false, browserName: chrome, browserVersion: 143.0.7499.170, chrome: {chromedriverVersion: 143.0.7499.169 (164b20aab62..., userDataDir: /var/folders/lz/tmst0tsj7ns...}, fedcm:accounts: true, goog:chromeOptions: {debuggerAddress: localhost:58655}, goog:processID: 5060, networkConnectionEnabled: false, pageLoadStrategy: normal, platformName: mac, proxy: Proxy(), se:cdp: ws://localhost:58655/devtoo..., se:cdpVersion: 143.0.7499.170, setWindowRect: true, strictFileInteractability: false, timeouts: {implicit: 0, pageLoad: 300000, script: 30000}, unhandledPromptBehavior: dismiss and notify, webauthn:extension:credBlob: true, webauthn:extension:largeBlob: true, webauthn:extension:minPinLength: true, webauthn:extension:prf: true, webauthn:virtualAuthenticators: true}
Element: [[ChromeDriver: chrome on mac (29a201d801833aa7f6bac6a1d66a4943)] -&amp;gt; xpath: //a[contains(text(), &amp;apos;User 2&amp;apos;)]/ancestor::tr//div[contains(@class, &amp;apos;fitted checkbox&amp;apos;)]]
Session ID: 29a201d801833aa7f6bac6a1d66a4943">
      <![CDATA[org.openqa.selenium.ElementClickInterceptedException: element click intercepted: Element <div class="ui fitted checkbox">...</div> is not clickable at point (70, 259). Other element would receive the click: <span class="item-text">...</span>
  (Session info: chrome=143.0.7499.170)
Build info: version: '4.39.0', revision: '126f156aee'
System info: os.name: 'Mac OS X', os.arch: 'aarch64', os.version: '26.3', java.version: '25.0.1'
Driver info: org.openqa.selenium.chrome.ChromeDriver
Command: [29a201d801833aa7f6bac6a1d66a4943, clickElement {id=f.79F462C941E8FB2843E67AA00EF4B94B.d.3F2E8EC9A1571155B7FE55C9859A6519.e.988}]
Capabilities {acceptInsecureCerts: false, browserName: chrome, browserVersion: 143.0.7499.170, chrome: {chromedriverVersion: 143.0.7499.169 (164b20aab62..., userDataDir: /var/folders/lz/tmst0tsj7ns...}, fedcm:accounts: true, goog:chromeOptions: {debuggerAddress: localhost:58655}, goog:processID: 5060, networkConnectionEnabled: false, pageLoadStrategy: normal, platformName: mac, proxy: Proxy(), se:cdp: ws://localhost:58655/devtoo..., se:cdpVersion: 143.0.7499.170, setWindowRect: true, strictFileInteractability: false, timeouts: {implicit: 0, pageLoad: 300000, script: 30000}, unhandledPromptBehavior: dismiss and notify, webauthn:extension:credBlob: true, webauthn:extension:largeBlob: true, webauthn:extension:minPinLength: true, webauthn:extension:prf: true, webauthn:virtualAuthenticators: true}
Element: [[ChromeDriver: chrome on mac (29a201d801833aa7f6bac6a1d66a4943)] -> xpath: //a[contains(text(), 'User 2')]/ancestor::tr//div[contains(@class, 'fitted checkbox')]]
Session ID: 29a201d801833aa7f6bac6a1d66a4943
at org.openqa.selenium.remote.ErrorCodec.decode(ErrorCodec.java:167)
at org.openqa.selenium.remote.codec.w3c.W3CHttpResponseCodec.decode(W3CHttpResponseCodec.java:142)
at org.openqa.selenium.remote.codec.w3c.W3CHttpResponseCodec.decode(W3CHttpResponseCodec.java:49)
at org.openqa.selenium.remote.HttpCommandExecutor.execute(HttpCommandExecutor.java:215)
at org.openqa.selenium.remote.service.DriverCommandExecutor.invokeExecute(DriverCommandExecutor.java:216)
at org.openqa.selenium.remote.service.DriverCommandExecutor.execute(DriverCommandExecutor.java:174)
at org.openqa.selenium.remote.RemoteWebDriver.execute(RemoteWebDriver.java:561)
at org.openqa.selenium.remote.RemoteWebElement.execute(RemoteWebElement.java:223)
at org.openqa.selenium.remote.RemoteWebElement.click(RemoteWebElement.java:76)
at com.crm.pages.ContactsPage.selectContactsByName(ContactsPage.java:54)
at com.crm.testcases.ContactsPageTest.clickOnTheContact(ContactsPageTest.java:64)
at java.base/java.util.ArrayList.forEach(ArrayList.java:1604)
... Removed 28 stack frames]]>
    </failure>
  </testcase> <!-- clickOnTheContact -->
  <testcase classname="com.crm.testcases.ContactsPageTest" name="clickOnContactCheckbox" time="0.0">
    <ignored/>
  </testcase> <!-- clickOnContactCheckbox -->
</testsuite> <!-- Test_CRM -->
