<?xml version="1.0" encoding="UTF-8"?>
<testng-results ignored="3" total="7" passed="3" failed="1" skipped="0">
  <reporter-output>
  </reporter-output>
  <suite started-at="2026-01-06T15:17:10 PST" name="Default suite" finished-at="2026-01-06T15:18:29 PST" duration-ms="78787">
    <groups>
    </groups>
    <test started-at="2026-01-06T15:17:10 PST" name="Default test" finished-at="2026-01-06T15:18:29 PST" duration-ms="78787">
      <class name="com.crm.testcases.ContactsPageTest">
        <test-method is-config="true" signature="setup()[pri:0, instance:com.crm.testcases.ContactsPageTest@52e6fdee]" started-at="2026-01-06T15:17:10 PST" name="setup" finished-at="2026-01-06T15:17:18 PST" duration-ms="7250" status="PASS">
          <reporter-output>
          </reporter-output>
        </test-method> <!-- setup -->
        <test-method signature="creatingNewContact(java.lang.String,java.lang.String,java.lang.String)[pri:3, instance:com.crm.testcases.ContactsPageTest@52e6fdee]" started-at="2026-01-06T15:17:18 PST" name="creatingNewContact" data-provider="getDatafromCRMSheet" finished-at="2026-01-06T15:17:33 PST" duration-ms="15665" status="PASS">
          <params>
            <param index="0">
              <value>
                <![CDATA[Sabi]]>
              </value>
            </param>
            <param index="1">
              <value>
                <![CDATA[Singh]]>
              </value>
            </param>
            <param index="2">
              <value>
                <![CDATA[Active]]>
              </value>
            </param>
          </params>
          <reporter-output>
          </reporter-output>
        </test-method> <!-- creatingNewContact -->
        <test-method is-config="true" signature="tearDown()[pri:0, instance:com.crm.testcases.ContactsPageTest@52e6fdee]" started-at="2026-01-06T15:17:33 PST" name="tearDown" finished-at="2026-01-06T15:17:33 PST" duration-ms="127" status="PASS">
          <reporter-output>
          </reporter-output>
        </test-method> <!-- tearDown -->
        <test-method is-config="true" signature="setup()[pri:0, instance:com.crm.testcases.ContactsPageTest@52e6fdee]" started-at="2026-01-06T15:17:33 PST" name="setup" finished-at="2026-01-06T15:17:38 PST" duration-ms="4277" status="PASS">
          <reporter-output>
          </reporter-output>
        </test-method> <!-- setup -->
        <test-method signature="creatingNewContact(java.lang.String,java.lang.String,java.lang.String)[pri:3, instance:com.crm.testcases.ContactsPageTest@52e6fdee]" started-at="2026-01-06T15:17:38 PST" name="creatingNewContact" data-provider="getDatafromCRMSheet" finished-at="2026-01-06T15:17:48 PST" duration-ms="10513" status="FAIL">
          <params>
            <param index="0">
              <value>
                <![CDATA[Bobby]]>
              </value>
            </param>
            <param index="1">
              <value>
                <![CDATA[Hill]]>
              </value>
            </param>
            <param index="2">
              <value>
                <![CDATA[Inacive]]>
              </value>
            </param>
          </params>
          <exception class="org.openqa.selenium.NoSuchElementException">
            <message>
              <![CDATA[no such element: Unable to locate element: {"method":"xpath","selector":"//div[@role='option']//span[normalize-space(text())='Inacive']/parent::div"}
  (Session info: chrome=143.0.7499.170)
For documentation on this error, please visit: https://www.selenium.dev/documentation/webdriver/troubleshooting/errors#nosuchelementexception
Build info: version: '4.39.0', revision: '126f156aee'
System info: os.name: 'Mac OS X', os.arch: 'aarch64', os.version: '26.3', java.version: '25.0.1'
Driver info: org.openqa.selenium.chrome.ChromeDriver
Command: [73c09e8e646e4d661e58e3a1999ef38f, findElement {value=//div[@role='option']//span[normalize-space(text())='Inacive']/parent::div, using=xpath}]
Capabilities {acceptInsecureCerts: false, browserName: chrome, browserVersion: 143.0.7499.170, chrome: {chromedriverVersion: 143.0.7499.192 (be2c1f4fd45..., userDataDir: /var/folders/lz/tmst0tsj7ns...}, fedcm:accounts: true, goog:chromeOptions: {debuggerAddress: localhost:50445}, goog:processID: 2358, networkConnectionEnabled: false, pageLoadStrategy: normal, platformName: mac, proxy: Proxy(), se:cdp: ws://localhost:50445/devtoo..., se:cdpVersion: 143.0.7499.170, setWindowRect: true, strictFileInteractability: false, timeouts: {implicit: 0, pageLoad: 300000, script: 30000}, unhandledPromptBehavior: dismiss and notify, webauthn:extension:credBlob: true, webauthn:extension:largeBlob: true, webauthn:extension:minPinLength: true, webauthn:extension:prf: true, webauthn:virtualAuthenticators: true}
Session ID: 73c09e8e646e4d661e58e3a1999ef38f]]>
            </message>
            <full-stacktrace>
              <![CDATA[org.openqa.selenium.NoSuchElementException: no such element: Unable to locate element: {"method":"xpath","selector":"//div[@role='option']//span[normalize-space(text())='Inacive']/parent::div"}
  (Session info: chrome=143.0.7499.170)
For documentation on this error, please visit: https://www.selenium.dev/documentation/webdriver/troubleshooting/errors#nosuchelementexception
Build info: version: '4.39.0', revision: '126f156aee'
System info: os.name: 'Mac OS X', os.arch: 'aarch64', os.version: '26.3', java.version: '25.0.1'
Driver info: org.openqa.selenium.chrome.ChromeDriver
Command: [73c09e8e646e4d661e58e3a1999ef38f, findElement {value=//div[@role='option']//span[normalize-space(text())='Inacive']/parent::div, using=xpath}]
Capabilities {acceptInsecureCerts: false, browserName: chrome, browserVersion: 143.0.7499.170, chrome: {chromedriverVersion: 143.0.7499.192 (be2c1f4fd45..., userDataDir: /var/folders/lz/tmst0tsj7ns...}, fedcm:accounts: true, goog:chromeOptions: {debuggerAddress: localhost:50445}, goog:processID: 2358, networkConnectionEnabled: false, pageLoadStrategy: normal, platformName: mac, proxy: Proxy(), se:cdp: ws://localhost:50445/devtoo..., se:cdpVersion: 143.0.7499.170, setWindowRect: true, strictFileInteractability: false, timeouts: {implicit: 0, pageLoad: 300000, script: 30000}, unhandledPromptBehavior: dismiss and notify, webauthn:extension:credBlob: true, webauthn:extension:largeBlob: true, webauthn:extension:minPinLength: true, webauthn:extension:prf: true, webauthn:virtualAuthenticators: true}
Session ID: 73c09e8e646e4d661e58e3a1999ef38f
at java.base/jdk.internal.reflect.DirectConstructorHandleAccessor.newInstance(DirectConstructorHandleAccessor.java:62)
at java.base/java.lang.reflect.Constructor.newInstanceWithCaller(Constructor.java:499)
at java.base/java.lang.reflect.Constructor.newInstance(Constructor.java:483)
at org.openqa.selenium.remote.ErrorCodec.decode(ErrorCodec.java:167)
at org.openqa.selenium.remote.codec.w3c.W3CHttpResponseCodec.decode(W3CHttpResponseCodec.java:142)
at org.openqa.selenium.remote.codec.w3c.W3CHttpResponseCodec.decode(W3CHttpResponseCodec.java:49)
at org.openqa.selenium.remote.HttpCommandExecutor.execute(HttpCommandExecutor.java:215)
at org.openqa.selenium.remote.service.DriverCommandExecutor.invokeExecute(DriverCommandExecutor.java:216)
at org.openqa.selenium.remote.service.DriverCommandExecutor.execute(DriverCommandExecutor.java:174)
at org.openqa.selenium.remote.RemoteWebDriver.execute(RemoteWebDriver.java:561)
at org.openqa.selenium.remote.ElementLocation$ElementFinder$2.findElement(ElementLocation.java:166)
at org.openqa.selenium.remote.ElementLocation.findElement(ElementLocation.java:60)
at org.openqa.selenium.remote.RemoteWebDriver.findElement(RemoteWebDriver.java:384)
at org.openqa.selenium.remote.RemoteWebDriver.findElement(RemoteWebDriver.java:378)
at com.crm.pages.ContactsPage.createNewForm(ContactsPage.java:93)
at com.crm.testcases.ContactsPageTest.creatingNewContact(ContactsPageTest.java:86)
at java.base/jdk.internal.reflect.DirectMethodHandleAccessor.invoke(DirectMethodHandleAccessor.java:104)
at java.base/java.lang.reflect.Method.invoke(Method.java:565)
at org.testng.internal.invokers.MethodInvocationHelper.invokeMethod(MethodInvocationHelper.java:141)
at org.testng.internal.invokers.TestInvoker.invokeMethod(TestInvoker.java:687)
at org.testng.internal.invokers.TestInvoker.invokeTestMethod(TestInvoker.java:230)
at org.testng.internal.invokers.MethodRunner.runInSequence(MethodRunner.java:63)
at org.testng.internal.invokers.TestInvoker$MethodInvocationAgent.invoke(TestInvoker.java:995)
at org.testng.internal.invokers.TestInvoker.invokeTestMethods(TestInvoker.java:203)
at org.testng.internal.invokers.TestMethodWorker.invokeTestMethods(TestMethodWorker.java:154)
at org.testng.internal.invokers.TestMethodWorker.run(TestMethodWorker.java:134)
at java.base/java.util.ArrayList.forEach(ArrayList.java:1604)
at org.testng.TestRunner.privateRun(TestRunner.java:741)
at org.testng.TestRunner.run(TestRunner.java:616)
at org.testng.SuiteRunner.runTest(SuiteRunner.java:421)
at org.testng.SuiteRunner.runSequentially(SuiteRunner.java:413)
at org.testng.SuiteRunner.privateRun(SuiteRunner.java:373)
at org.testng.SuiteRunner.run(SuiteRunner.java:312)
at org.testng.SuiteRunnerWorker.runSuite(SuiteRunnerWorker.java:52)
at org.testng.SuiteRunnerWorker.run(SuiteRunnerWorker.java:95)
at org.testng.TestNG.runSuitesSequentially(TestNG.java:1274)
at org.testng.TestNG.runSuitesLocally(TestNG.java:1208)
at org.testng.TestNG.runSuites(TestNG.java:1112)
at org.testng.TestNG.run(TestNG.java:1079)
at org.testng.remote.AbstractRemoteTestNG.run(AbstractRemoteTestNG.java:115)
at org.testng.remote.RemoteTestNG.initAndRun(RemoteTestNG.java:293)
at org.testng.remote.RemoteTestNG.main(RemoteTestNG.java:91)
]]>
            </full-stacktrace>
          </exception> <!-- org.openqa.selenium.NoSuchElementException -->
          <reporter-output>
          </reporter-output>
        </test-method> <!-- creatingNewContact -->
        <test-method is-config="true" signature="tearDown()[pri:0, instance:com.crm.testcases.ContactsPageTest@52e6fdee]" started-at="2026-01-06T15:17:48 PST" name="tearDown" finished-at="2026-01-06T15:17:48 PST" duration-ms="112" status="PASS">
          <reporter-output>
          </reporter-output>
        </test-method> <!-- tearDown -->
        <test-method is-config="true" signature="setup()[pri:0, instance:com.crm.testcases.ContactsPageTest@52e6fdee]" started-at="2026-01-06T15:17:48 PST" name="setup" finished-at="2026-01-06T15:17:53 PST" duration-ms="4763" status="PASS">
          <reporter-output>
          </reporter-output>
        </test-method> <!-- setup -->
        <test-method signature="creatingNewContact(java.lang.String,java.lang.String,java.lang.String)[pri:3, instance:com.crm.testcases.ContactsPageTest@52e6fdee]" started-at="2026-01-06T15:17:53 PST" name="creatingNewContact" data-provider="getDatafromCRMSheet" finished-at="2026-01-06T15:18:09 PST" duration-ms="15524" status="PASS">
          <params>
            <param index="0">
              <value>
                <![CDATA[Ranj]]>
              </value>
            </param>
            <param index="1">
              <value>
                <![CDATA[Jin]]>
              </value>
            </param>
            <param index="2">
              <value>
                <![CDATA[On Hold]]>
              </value>
            </param>
          </params>
          <reporter-output>
          </reporter-output>
        </test-method> <!-- creatingNewContact -->
        <test-method is-config="true" signature="tearDown()[pri:0, instance:com.crm.testcases.ContactsPageTest@52e6fdee]" started-at="2026-01-06T15:18:09 PST" name="tearDown" finished-at="2026-01-06T15:18:09 PST" duration-ms="123" status="PASS">
          <reporter-output>
          </reporter-output>
        </test-method> <!-- tearDown -->
        <test-method is-config="true" signature="setup()[pri:0, instance:com.crm.testcases.ContactsPageTest@52e6fdee]" started-at="2026-01-06T15:18:09 PST" name="setup" finished-at="2026-01-06T15:18:13 PST" duration-ms="4058" status="PASS">
          <reporter-output>
          </reporter-output>
        </test-method> <!-- setup -->
        <test-method signature="creatingNewContact(java.lang.String,java.lang.String,java.lang.String)[pri:3, instance:com.crm.testcases.ContactsPageTest@52e6fdee]" started-at="2026-01-06T15:18:13 PST" name="creatingNewContact" data-provider="getDatafromCRMSheet" finished-at="2026-01-06T15:18:28 PST" duration-ms="15661" status="PASS">
          <params>
            <param index="0">
              <value>
                <![CDATA[Gin]]>
              </value>
            </param>
            <param index="1">
              <value>
                <![CDATA[Henrey]]>
              </value>
            </param>
            <param index="2">
              <value>
                <![CDATA[Terminated]]>
              </value>
            </param>
          </params>
          <reporter-output>
          </reporter-output>
        </test-method> <!-- creatingNewContact -->
        <test-method is-config="true" signature="tearDown()[pri:0, instance:com.crm.testcases.ContactsPageTest@52e6fdee]" started-at="2026-01-06T15:18:28 PST" name="tearDown" finished-at="2026-01-06T15:18:29 PST" duration-ms="150" status="PASS">
          <reporter-output>
          </reporter-output>
        </test-method> <!-- tearDown -->
      </class> <!-- com.crm.testcases.ContactsPageTest -->
    </test> <!-- Default test -->
  </suite> <!-- Default suite -->
</testng-results>
