<?xml version="1.0" encoding="UTF-8"?>
<!-- Generated by org.testng.reporters.JUnitReportReporter -->
<testsuite hostname="Sandeeps-MacBook-Air.local" failures="0" tests="3" name="com.crm.testcases.LoginPageTest" time="11.401" errors="0" timestamp="2026-01-01T11:34:28 PST" skipped="0">
  <testcase classname="com.crm.testcases.LoginPageTest" name="validateLogin" time="4.274"/>
  <testcase classname="com.crm.testcases.LoginPageTest" name="validateCRMLogo" time="3.915"/>
  <testcase classname="com.crm.testcases.LoginPageTest" name="validateloginPageTitle" time="3.212"/>
</testsuite> <!-- com.crm.testcases.LoginPageTest -->
