<?xml version="1.0" encoding="UTF-8"?>
<!-- Generated by org.testng.reporters.JUnitReportReporter -->
<testsuite hostname="Sandeeps-MacBook-Air.local" failures="0" tests="2" name="com.crm.testcases.HomePageTest" time="7.655" errors="0" timestamp="2026-01-01T11:34:28 PST" skipped="0">
  <testcase classname="com.crm.testcases.HomePageTest" name="verifyHomePageTitle" time="3.486"/>
  <testcase classname="com.crm.testcases.HomePageTest" name="landOnContactsPage" time="4.169"/>
</testsuite> <!-- com.crm.testcases.HomePageTest -->
